<?xml version="1.0" encoding="UTF-8"?>
<!-- Generated by org.testng.reporters.JUnitReportReporter -->
<testsuite hostname="DESKTOP-N1F218A" failures="0" tests="2" name="YouTubeVideos.Class45_DataShareUsingITestContext" time="0.009" errors="0" timestamp="2023-10-01T20:13:45 IST" skipped="0">
  <testcase classname="YouTubeVideos.Class45_DataShareUsingITestContext" name="test2" time="0.001"/>
  <system-out/>
  <testcase classname="YouTubeVideos.Class45_DataShareUsingITestContext" name="test1" time="0.008"/>
  <system-out/>
</testsuite> <!-- YouTubeVideos.Class45_DataShareUsingITestContext -->
