<?xml version="1.0" encoding="UTF-8"?>
<!-- Generated by org.testng.reporters.JUnitReportReporter -->
<testsuite hostname="DESKTOP-N1F218A" failures="0" tests="2" name="YouTubeVideos.Class17_HooksForRequestSpecification" time="6.602" errors="0" timestamp="2023-09-29T18:52:49 IST" skipped="0">
  <testcase classname="YouTubeVideos.Class17_HooksForRequestSpecification" name="Test2" time="2.572"/>
  <system-out/>
  <testcase classname="YouTubeVideos.Class17_HooksForRequestSpecification" name="Test1" time="4.030"/>
  <system-out/>
</testsuite> <!-- YouTubeVideos.Class17_HooksForRequestSpecification -->
