<?xml version="1.0" encoding="UTF-8"?>
<!-- Generated by org.testng.reporters.JUnitReportReporter -->
<testsuite hostname="DESKTOP-N1F218A" failures="0" tests="1" name="YouTubeVideos.Class31_InlineAssertionWithMatchersFunc" time="3.975" errors="0" timestamp="2023-10-01T14:47:10 IST" skipped="0">
  <testcase classname="YouTubeVideos.Class31_InlineAssertionWithMatchersFunc" name="test1" time="3.975"/>
  <system-out/>
</testsuite> <!-- YouTubeVideos.Class31_InlineAssertionWithMatchersFunc -->
