<?xml version="1.0" encoding="UTF-8"?>
<!-- Generated by org.testng.reporters.JUnitReportReporter -->
<testsuite hostname="DESKTOP-N1F218A" failures="0" tests="2" name="YouTubeVideos.Class38_39_40_41_ResponseDesrialization" time="3.355" errors="0" timestamp="2023-10-01T19:19:11 IST" skipped="0">
  <testcase classname="YouTubeVideos.Class38_39_40_41_ResponseDesrialization" name="Test1" time="2.454"/>
  <system-out/>
  <testcase classname="YouTubeVideos.Class38_39_40_41_ResponseDesrialization" name="Test2" time="0.901"/>
  <system-out/>
</testsuite> <!-- YouTubeVideos.Class38_39_40_41_ResponseDesrialization -->
