<?xml version="1.0" encoding="UTF-8"?>
<!-- Generated by org.testng.reporters.JUnitReportReporter -->
<testsuite hostname="DESKTOP-N1F218A" failures="0" tests="2" name="YouTubeVideos.Class18_HooksForReponseSpecification" time="6.479" errors="0" timestamp="2023-09-29T22:12:56 IST" skipped="0">
  <testcase classname="YouTubeVideos.Class18_HooksForReponseSpecification" name="Test1" time="3.404"/>
  <system-out/>
  <testcase classname="YouTubeVideos.Class18_HooksForReponseSpecification" name="Test2" time="3.075"/>
  <system-out/>
</testsuite> <!-- YouTubeVideos.Class18_HooksForReponseSpecification -->
